Build started 2015/10/07 19:26:03.
     1>Project "C:\workspace\CIPCSystem\CIPCClient\CIPC_Cpp\CIPCCppDll\CIPCCppDll\CIPCCppDll.vcxproj" on node 2 (Build target(s)).
     1>ClCompile:
         C:\Program Files\Microsoft Visual Studio 14.0\VC\bin\CL.exe /c /ZI /nologo /W3 /WX- /sdl /Od /Oy- /D _WINDLL /D _MBCS /Gm /EHsc /RTC1 /MDd /GS /fp:precise /Zc:wchar_t /Zc:forScope /Zc:inline /Fo"Debug\\" /Fd"Debug\vc140.pdb" /Gd /TP /analyze- /errorReport:prompt ..\..\CIPC_SETTINGS.cpp Main.cpp
         Main.cpp
     1>c:\workspace\cipcsystem\cipcclient\cipc_cpp\udp_packets_decoder.h(93): warning C4297: 'UDP_PACKETS_CODER::UDP_PACKETS_DECODER::~UDP_PACKETS_DECODER': function assumed not to throw an exception but does
         c:\workspace\cipcsystem\cipcclient\cipc_cpp\udp_packets_decoder.h(93): note: destructor or deallocator has a (possibly implicit) non-throwing exception specification
     1>c:\workspace\cipcsystem\cipcclient\cipc_cpp\udp_packets_client.h(102): warning C4297: 'UDP_PACKETS_CODER::UDP_PACKETS_CLIENT::~UDP_PACKETS_CLIENT': function assumed not to throw an exception but does
         c:\workspace\cipcsystem\cipcclient\cipc_cpp\udp_packets_client.h(102): note: destructor or deallocator has a (possibly implicit) non-throwing exception specification
         CIPC_SETTINGS.cpp
     1>c:\workspace\cipcsystem\cipcclient\cipc_cpp\udp_packets_decoder.h(93): warning C4297: 'UDP_PACKETS_CODER::UDP_PACKETS_DECODER::~UDP_PACKETS_DECODER': function assumed not to throw an exception but does
         c:\workspace\cipcsystem\cipcclient\cipc_cpp\udp_packets_decoder.h(93): note: destructor or deallocator has a (possibly implicit) non-throwing exception specification
     1>c:\workspace\cipcsystem\cipcclient\cipc_cpp\udp_packets_client.h(102): warning C4297: 'UDP_PACKETS_CODER::UDP_PACKETS_CLIENT::~UDP_PACKETS_CLIENT': function assumed not to throw an exception but does
         c:\workspace\cipcsystem\cipcclient\cipc_cpp\udp_packets_client.h(102): note: destructor or deallocator has a (possibly implicit) non-throwing exception specification
         Generating Code...
     1>c:\workspace\cipcsystem\cipcclient\cipc_cpp\cipccppdll\cipccppdll\main.cpp(58): warning C4715: 'Update': not all control paths return a value
       Link:
         C:\Program Files\Microsoft Visual Studio 14.0\VC\bin\link.exe /ERRORREPORT:PROMPT /OUT:"C:\workspace\CIPCSystem\CIPCClient\CIPC_Cpp\CIPCCppDll\Debug\CIPCCppDll.dll" /INCREMENTAL /NOLOGO kernel32.lib user32.lib gdi32.lib winspool.lib comdlg32.lib advapi32.lib shell32.lib ole32.lib oleaut32.lib uuid.lib odbc32.lib odbccp32.lib /MANIFEST /MANIFESTUAC:"level='asInvoker' uiAccess='false'" /manifest:embed /Debug /PDB:"C:\workspace\CIPCSystem\CIPCClient\CIPC_Cpp\CIPCCppDll\Debug\CIPCCppDll.pdb" /TLBID:1 /DYNAMICBASE /NXCOMPAT /IMPLIB:"C:\workspace\CIPCSystem\CIPCClient\CIPC_Cpp\CIPCCppDll\Debug\CIPCCppDll.lib" /MACHINE:X86 /DLL Debug\CIPC_SETTINGS.obj
         Debug\Main.obj
            Creating library C:\workspace\CIPCSystem\CIPCClient\CIPC_Cpp\CIPCCppDll\Debug\CIPCCppDll.lib and object C:\workspace\CIPCSystem\CIPCClient\CIPC_Cpp\CIPCCppDll\Debug\CIPCCppDll.exp
         CIPCCppDll.vcxproj -> C:\workspace\CIPCSystem\CIPCClient\CIPC_Cpp\CIPCCppDll\Debug\CIPCCppDll.dll
     1>Done Building Project "C:\workspace\CIPCSystem\CIPCClient\CIPC_Cpp\CIPCCppDll\CIPCCppDll\CIPCCppDll.vcxproj" (Build target(s)).

Build succeeded.

Time Elapsed 00:00:11.60
